# JRE version: OpenJDK Runtime Environment (11.0.10) (build 11.0.10+0-b96-7249189)
# Java VM: OpenJDK 64-Bit Server VM (11.0.10+0-b96-7249189, mixed mode, tiered, compressed oops, g1 gc, windows-amd64)
Heap:
 garbage-first heap   total 1192960K, used 164784K [0x0000000080000000, 0x0000000100000000)
  region size 1024K, 4 young (4096K), 4 survivors (4096K)
 Metaspace       used 103966K, capacity 106842K, committed 107136K, reserved 1142784K
  class space    used 13304K, capacity 14341K, committed 14464K, reserved 1048576K
GC Heap History (20 events):
Event: 957.703 GC heap after
{Heap after GC invocations=100 (full 0):
 garbage-first heap   total 589824K, used 92411K [0x0000000080000000, 0x0000000100000000)
  region size 1024K, 3 young (3072K), 3 survivors (3072K)
 Metaspace       used 95623K, capacity 98016K, committed 98176K, reserved 1134592K
  class space    used 11961K, capacity 12833K, committed 12928K, reserved 1048576K
}
Event: 1092.943 GC heap before
{Heap before GC invocations=101 (full 0):
 garbage-first heap   total 589824K, used 127227K [0x0000000080000000, 0x0000000100000000)
  region size 1024K, 28 young (28672K), 3 survivors (3072K)
 Metaspace       used 97914K, capacity 100302K, committed 100480K, reserved 1136640K
  class space    used 12290K, capacity 13152K, committed 13184K, reserved 1048576K
}
Event: 1093.399 GC heap after
{Heap after GC invocations=102 (full 0):
 garbage-first heap   total 589824K, used 101956K [0x0000000080000000, 0x0000000100000000)
  region size 1024K, 4 young (4096K), 4 survivors (4096K)
 Metaspace       used 97914K, capacity 100302K, committed 100480K, reserved 1136640K
  class space    used 12290K, capacity 13152K, committed 13184K, reserved 1048576K
}
Event: 1100.272 GC heap before
{Heap before GC invocations=102 (full 0):
 garbage-first heap   total 589824K, used 126532K [0x0000000080000000, 0x0000000100000000)
  region size 1024K, 28 young (28672K), 4 survivors (4096K)
 Metaspace       used 98137K, capacity 100537K, committed 100864K, reserved 1136640K
  class space    used 12314K, capacity 13187K, committed 13312K, reserved 1048576K
}
Event: 1104.141 GC heap after
{Heap after GC invocations=103 (full 0):
 garbage-first heap   total 589824K, used 111305K [0x0000000080000000, 0x0000000100000000)
  region size 1024K, 4 young (4096K), 4 survivors (4096K)
 Metaspace       used 98137K, capacity 100537K, committed 100864K, reserved 1136640K
  class space    used 12314K, capacity 13187K, committed 13312K, reserved 1048576K
}
Event: 1112.663 GC heap before
{Heap before GC invocations=103 (full 0):
 garbage-first heap   total 589824K, used 134857K [0x0000000080000000, 0x0000000100000000)
  region size 1024K, 28 young (28672K), 4 survivors (4096K)
 Metaspace       used 100468K, capacity 102952K, committed 103168K, reserved 1138688K
  class space    used 12815K, capacity 13726K, committed 13824K, reserved 1048576K
}
Event: 1133.370 GC heap after
{Heap after GC invocations=104 (full 0):
 garbage-first heap   total 589824K, used 120406K [0x0000000080000000, 0x0000000100000000)
  region size 1024K, 4 young (4096K), 4 survivors (4096K)
 Metaspace       used 100468K, capacity 102952K, committed 103168K, reserved 1138688K
  class space    used 12815K, capacity 13726K, committed 13824K, reserved 1048576K
}
Event: 1133.907 GC heap before
{Heap before GC invocations=104 (full 0):
 garbage-first heap   total 589824K, used 143958K [0x0000000080000000, 0x0000000100000000)
  region size 1024K, 28 young (28672K), 4 survivors (4096K)
 Metaspace       used 100511K, capacity 103020K, committed 103168K, reserved 1138688K
  class space    used 12815K, capacity 13726K, committed 13824K, reserved 1048576K
}
Event: 1134.026 GC heap after
{Heap after GC invocations=105 (full 0):
 garbage-first heap   total 589824K, used 132812K [0x0000000080000000, 0x0000000100000000)
  region size 1024K, 4 young (4096K), 4 survivors (4096K)
 Metaspace       used 100511K, capacity 103020K, committed 103168K, reserved 1138688K
  class space    used 12815K, capacity 13726K, committed 13824K, reserved 1048576K
}
Event: 1153.015 GC heap before
{Heap before GC invocations=105 (full 0):
 garbage-first heap   total 589824K, used 157388K [0x0000000080000000, 0x0000000100000000)
  region size 1024K, 28 young (28672K), 4 survivors (4096K)
 Metaspace       used 102314K, capacity 104924K, committed 105216K, reserved 1140736K
  class space    used 13087K, capacity 14017K, committed 14080K, reserved 1048576K
}
Event: 1153.684 GC heap after
{Heap after GC invocations=106 (full 0):
 garbage-first heap   total 589824K, used 142848K [0x0000000080000000, 0x0000000100000000)
  region size 1024K, 4 young (4096K), 4 survivors (4096K)
 Metaspace       used 102314K, capacity 104924K, committed 105216K, reserved 1140736K
  class space    used 13087K, capacity 14017K, committed 14080K, reserved 1048576K
}
Event: 1163.112 GC heap before
{Heap before GC invocations=106 (full 0):
 garbage-first heap   total 589824K, used 167424K [0x0000000080000000, 0x0000000100000000)
  region size 1024K, 28 young (28672K), 4 survivors (4096K)
 Metaspace       used 103032K, capacity 105773K, committed 105984K, reserved 1140736K
  class space    used 13206K, capacity 14211K, committed 14336K, reserved 1048576K
}
Event: 1163.175 GC heap after
{Heap after GC invocations=107 (full 0):
 garbage-first heap   total 589824K, used 147040K [0x0000000080000000, 0x0000000100000000)
  region size 1024K, 4 young (4096K), 4 survivors (4096K)
 Metaspace       used 103032K, capacity 105773K, committed 105984K, reserved 1140736K
  class space    used 13206K, capacity 14211K, committed 14336K, reserved 1048576K
}
Event: 1166.400 GC heap before
{Heap before GC invocations=107 (full 0):
 garbage-first heap   total 589824K, used 171616K [0x0000000080000000, 0x0000000100000000)
  region size 1024K, 28 young (28672K), 4 survivors (4096K)
 Metaspace       used 103409K, capacity 106118K, committed 106240K, reserved 1140736K
  class space    used 13242K, capacity 14234K, committed 14336K, reserved 1048576K
}
Event: 1166.466 GC heap after
{Heap after GC invocations=108 (full 0):
 garbage-first heap   total 589824K, used 150022K [0x0000000080000000, 0x0000000100000000)
  region size 1024K, 3 young (3072K), 3 survivors (3072K)
 Metaspace       used 103409K, capacity 106118K, committed 106240K, reserved 1140736K
  class space    used 13242K, capacity 14234K, committed 14336K, reserved 1048576K
}
Event: 1173.623 GC heap before
{Heap before GC invocations=108 (full 0):
 garbage-first heap   total 589824K, used 176646K [0x0000000080000000, 0x0000000100000000)
  region size 1024K, 28 young (28672K), 3 survivors (3072K)
 Metaspace       used 103506K, capacity 106350K, committed 106496K, reserved 1140736K
  class space    used 13251K, capacity 14268K, committed 14336K, reserved 1048576K
}
Event: 1174.595 GC heap after
{Heap after GC invocations=109 (full 0):
 garbage-first heap   total 589824K, used 153820K [0x0000000080000000, 0x0000000100000000)
  region size 1024K, 4 young (4096K), 4 survivors (4096K)
 Metaspace       used 103506K, capacity 106350K, committed 106496K, reserved 1140736K
  class space    used 13251K, capacity 14268K, committed 14336K, reserved 1048576K
}
Event: 1194.750 GC heap before
{Heap before GC invocations=109 (full 0):
 garbage-first heap   total 589824K, used 179420K [0x0000000080000000, 0x0000000100000000)
  region size 1024K, 28 young (28672K), 4 survivors (4096K)
 Metaspace       used 103828K, capacity 106640K, committed 106752K, reserved 1142784K
  class space    used 13284K, capacity 14297K, committed 14336K, reserved 1048576K
}
Event: 1201.583 GC heap after
{Heap after GC invocations=110 (full 0):
 garbage-first heap   total 589824K, used 158998K [0x0000000080000000, 0x0000000100000000)
  region size 1024K, 4 young (4096K), 4 survivors (4096K)
 Metaspace       used 103828K, capacity 106640K, committed 106752K, reserved 1142784K
  class space    used 13284K, capacity 14297K, committed 14336K, reserved 1048576K
}
Event: 1211.969 GC heap before
{Heap before GC invocations=110 (full 0):
 garbage-first heap   total 589824K, used 184598K [0x0000000080000000, 0x0000000100000000)
  region size 1024K, 28 young (28672K), 4 survivors (4096K)
 Metaspace       used 103966K, capacity 106842K, committed 107136K, reserved 1142784K
  class space    used 13304K, capacity 14341K, committed 14464K, reserved 1048576K
}

